
multiply:     file format elf32-littleriscv
multiply
architecture: riscv:rv32, flags 0x00000112:
EXEC_P, HAS_SYMS, D_PAGED
start address 0x02000000

Program Header:
    LOAD off    0x00001000 vaddr 0x02000000 paddr 0x02000000 align 2**12
         filesz 0x00003678 memsz 0x00003678 flags r-x
    LOAD off    0x00005000 vaddr 0x00900000 paddr 0x00900000 align 2**12
         filesz 0x00000004 memsz 0x00000030 flags rw-
   STACK off    0x00000000 vaddr 0x00000000 paddr 0x00000000 align 2**0
         filesz 0x00000000 memsz 0x00000000 flags rw-

Sections:
Idx Name          Size      VMA       LMA       File off  Algn
  0 .text         00003678  02000000  02000000  00001000  2**2
                  CONTENTS, ALLOC, LOAD, READONLY, CODE
  1 .data         00000004  00900000  00900000  00005000  2**2
                  CONTENTS, ALLOC, LOAD, DATA
  2 .bss          0000002c  00900004  00900004  00005004  2**2
                  ALLOC
SYMBOL TABLE:
00000000 l    df *ABS*	00000000 multiply.9bde8907-cgu.0
02002cec l     O .text	0000002b .hidden anon.ad9603a55ed4bb67655d95fa3ca6f0ee.4.llvm.5690797283130860114
02002d18 l     O .text	00000010 .hidden anon.ad9603a55ed4bb67655d95fa3ca6f0ee.5.llvm.5690797283130860114
02002cdc l     O .text	00000010 .hidden anon.ad9603a55ed4bb67655d95fa3ca6f0ee.3.llvm.5690797283130860114
0200010c l     F .text	00000114 .hidden _ZN16risc0_zkvm_guest3env6commit17hf7329d0a59cb7b9eE
02002cbc l     O .text	00000010 .hidden anon.ad9603a55ed4bb67655d95fa3ca6f0ee.1.llvm.5690797283130860114
02002ccc l     O .text	00000010 .hidden anon.ad9603a55ed4bb67655d95fa3ca6f0ee.2.llvm.5690797283130860114
02000220 l     F .text	00000004 .hidden _ZN4core3ptr49drop_in_place$LT$risc0_zkvm_serde..err..Error$GT$17hf0a54e77740638acE.llvm.5690797283130860114
02002c80 l     O .text	0000003a .hidden anon.ad9603a55ed4bb67655d95fa3ca6f0ee.0.llvm.5690797283130860114
00000000 l    df *ABS*	00000000 multiply.9bde8907-cgu.1
00000000 l    df *ABS*	00000000 multiply.9bde8907-cgu.2
00000000 l    df *ABS*	00000000 multiply.9bde8907-cgu.3
00000000 l    df *ABS*	00000000 multiply.9bde8907-cgu.4
00000000 l    df *ABS*	00000000 multiply.9bde8907-cgu.5
00000000 l    df *ABS*	00000000 multiply.9bde8907-cgu.6
02002d38 l     O .text	00000008 .Lanon.b0cf36cc0b98861197cc79eb9e758305.2
02002d28 l     O .text	00000000 .Lanon.b0cf36cc0b98861197cc79eb9e758305.0
02002d54 l     O .text	00000010 .Lanon.b0cf36cc0b98861197cc79eb9e758305.4
02002d84 l     O .text	00000010 .Lanon.b0cf36cc0b98861197cc79eb9e758305.6
02002d28 l     O .text	0000000f .Lanon.b0cf36cc0b98861197cc79eb9e758305.1
02002d40 l     O .text	00000013 .Lanon.b0cf36cc0b98861197cc79eb9e758305.3
00000000 l    df *ABS*	00000000 11g1wgllm65rz266
020003c0 l       .text	00000000 
020003c8 l       .text	00000000 
020003c8 l       .text	00000000 
020003d0 l       .text	00000000 
020003d0 l       .text	00000000 
020003d8 l       .text	00000000 
00000000 l    df *ABS*	00000000 risc0_zkvm_guest.73f32f49-cgu.1
02002dd0 l     O .text	00000010 .Lanon.d73996fa1028e07f6fa931ef6ab18918.4
02002de0 l     O .text	00000000 .Lanon.d73996fa1028e07f6fa931ef6ab18918.5
020003d8 l     F .text	000001bc .hidden _ZN16risc0_zkvm_guest3env8finalize17h9c323c42e1ee847fE
02002de0 l     O .text	00000010 .hidden anon.d73996fa1028e07f6fa931ef6ab18918.6.llvm.13258347182913583307
02002d94 l     O .text	0000003a .hidden anon.d73996fa1028e07f6fa931ef6ab18918.0.llvm.13258347182913583307
00000000 l    df *ABS*	00000000 risc0_zkvm_guest.73f32f49-cgu.0
00900004 l     O .bss	00000004 .hidden _ZN16risc0_zkvm_guest3sha8CUR_DESC17h6704435e4d2fed2cE.0.llvm.11067264371534210133
02002df0 l     O .text	00000004 .hidden anon.5631d3a3d55ce77f2597f20e6d4ec83e.1.llvm.11067264371534210133
02002e50 l     O .text	00000010 .hidden anon.5631d3a3d55ce77f2597f20e6d4ec83e.7.llvm.11067264371534210133
02002e60 l     O .text	00000010 .hidden anon.5631d3a3d55ce77f2597f20e6d4ec83e.8.llvm.11067264371534210133
02002e30 l     O .text	00000010 .hidden anon.5631d3a3d55ce77f2597f20e6d4ec83e.5.llvm.11067264371534210133
02002e70 l     O .text	00000010 .hidden anon.5631d3a3d55ce77f2597f20e6d4ec83e.9.llvm.11067264371534210133
02002e40 l     O .text	00000010 .hidden anon.5631d3a3d55ce77f2597f20e6d4ec83e.6.llvm.11067264371534210133
02002df4 l     O .text	0000003a .hidden anon.5631d3a3d55ce77f2597f20e6d4ec83e.2.llvm.11067264371534210133
00000000 l    df *ABS*	00000000 risc0_zkvm_guest.73f32f49-cgu.11
02000840 l     F .text	00000064 .hidden _ZN4core9panicking13assert_failed17h5cc564aeed2b4049E
0200083c l     F .text	00000004 .hidden _ZN4core3ptr30drop_in_place$LT$$RF$usize$GT$17hf090a9500137dcfaE.llvm.5664053378227374743
02002e80 l     O .text	00000010 .hidden anon.c359eb7203179d117619283b0de98f92.0.llvm.5664053378227374743
00000000 l    df *ABS*	00000000 risc0_zkvm_guest.73f32f49-cgu.2
00000000 l    df *ABS*	00000000 risc0_zkvm_guest.73f32f49-cgu.4
02002e90 l     O .text	0000002b .Lanon.740d60a687a3cdeded2a631a5ce0e880.0
02002ef8 l     O .text	00000010 .Lanon.740d60a687a3cdeded2a631a5ce0e880.2
00900000 l     O .data	00000004 _ZN16risc0_zkvm_guest5alloc4HEAP17hb8fd5a3a2d6f10a3E.0
02002ebb l     O .text	0000003c .Lanon.740d60a687a3cdeded2a631a5ce0e880.1
020008b0 l     F .text	00000060 .hidden __rg_alloc
02000910 l     F .text	0000009c .hidden __rg_realloc
00000000 l    df *ABS*	00000000 risc0_zkvm_guest.73f32f49-cgu.5
020009ac l     F .text	0000010c _ZN5alloc3fmt6format17h0223af22f1e0ee6aE
02002f08 l     O .text	00000000 .Lanon.bf9ac6c14cc51cdf0e31e5a7e9b3bf07.0
02002f0c l     O .text	00000010 .Lanon.bf9ac6c14cc51cdf0e31e5a7e9b3bf07.2
02002f08 l     O .text	00000001 .Lanon.bf9ac6c14cc51cdf0e31e5a7e9b3bf07.1
02000b28 l     F .text	00000004 .hidden _ZN16risc0_zkvm_guest14memory_barrier17h3d681de157d16fddE
02000b28 l     F .text	00000004 .hidden _ZN16risc0_zkvm_guest14memory_barrier17hca0da8a931e03186E
02000b28 l     F .text	00000004 .hidden _ZN16risc0_zkvm_guest14memory_barrier17h1251307f86967f98E
00000000 l    df *ABS*	00000000 risc0_zkvm_guest.73f32f49-cgu.12
02000b2c l     F .text	0000000c .hidden _ZN44_$LT$$RF$T$u20$as$u20$core..fmt..Display$GT$3fmt17hd81d29ff4ad8daa9E
00000000 l    df *ABS*	00000000 risc0_zkvm_guest.73f32f49-cgu.9
02000b38 l     F .text	00000098 .hidden _ZN42_$LT$$RF$T$u20$as$u20$core..fmt..Debug$GT$3fmt17hd67e0bb9020773f2E
00000000 l    df *ABS*	00000000 risc0_zkvm_serde.e0f92b58-cgu.14
02002f1c l       .text	00000000 .LJTI2_0
02000bf0 l       .text	00000000 .LBB2_1
02002fa7 l     O .text	00000012 .Lanon.e9a87e92473d7171a211d0e5ecffeee5.13
02000c04 l       .text	00000000 .LBB2_2
02002f95 l     O .text	00000012 .Lanon.e9a87e92473d7171a211d0e5ecffeee5.12
02000c18 l       .text	00000000 .LBB2_3
02002f81 l     O .text	00000014 .Lanon.e9a87e92473d7171a211d0e5ecffeee5.11
02000c2c l       .text	00000000 .LBB2_4
02002f6f l     O .text	00000012 .Lanon.e9a87e92473d7171a211d0e5ecffeee5.10
02000c40 l       .text	00000000 .LBB2_5
02002f57 l     O .text	00000018 .Lanon.e9a87e92473d7171a211d0e5ecffeee5.9
02000c54 l       .text	00000000 .LBB2_6
02002f4b l     O .text	0000000c .Lanon.e9a87e92473d7171a211d0e5ecffeee5.8
02000c68 l       .text	00000000 .LBB2_7
02002f38 l     O .text	00000013 .Lanon.e9a87e92473d7171a211d0e5ecffeee5.7
00000000 l    df *ABS*	00000000 risc0_zkvm_serde.e0f92b58-cgu.2
00000000 l    df *ABS*	00000000 risc0_zkvm_serde.e0f92b58-cgu.8
02002fb9 l     O .text	00000023 .Lanon.6eb67bcd4bda5f0b30bfb5494c16939d.0
02003020 l     O .text	00000010 .Lanon.6eb67bcd4bda5f0b30bfb5494c16939d.5
02002fdc l     O .text	00000041 .Lanon.6eb67bcd4bda5f0b30bfb5494c16939d.1
00000000 l    df *ABS*	00000000 risc0_zkvm_serde.e0f92b58-cgu.10
00000000 l    df *ABS*	00000000 risc0_zkp_core.90147494-cgu.5
00000000 l    df *ABS*	00000000 risc0_zkp_core.90147494-cgu.12
00000000 l    df *ABS*	00000000 risc0_zkp_core.90147494-cgu.0
00000000 l    df *ABS*	00000000 risc0_zkp_core.90147494-cgu.13
00000000 l    df *ABS*	00000000 risc0_zkp_core.90147494-cgu.14
00000000 l    df *ABS*	00000000 risc0_zkp_core.90147494-cgu.4
00000000 l    df *ABS*	00000000 risc0_zkp_core.90147494-cgu.8
00000000 l    df *ABS*	00000000 risc0_zkp_core.90147494-cgu.11
00000000 l    df *ABS*	00000000 risc0_zkp_core.90147494-cgu.9
00000000 l    df *ABS*	00000000 risc0_zkp_core.90147494-cgu.6
00000000 l    df *ABS*	00000000 risc0_zkp_core.90147494-cgu.15
00000000 l    df *ABS*	00000000 anyhow.173a1bcf-cgu.0
00000000 l    df *ABS*	00000000 anyhow.173a1bcf-cgu.10
00000000 l    df *ABS*	00000000 anyhow.173a1bcf-cgu.3
00000000 l    df *ABS*	00000000 anyhow.173a1bcf-cgu.5
00000000 l    df *ABS*	00000000 alloc.4fae4727-cgu.0
02000d64 l     F .text	000000c8 .hidden _ZN5alloc7raw_vec19RawVec$LT$T$C$A$GT$7reserve21do_reserve_and_handle17hc53483133ef45d25E
02000ef4 l     F .text	000000c0 .hidden _ZN5alloc7raw_vec11finish_grow17h80ca19aa09a7242dE.llvm.702291895030451100
02000e2c l     F .text	000000c8 .hidden _ZN5alloc7raw_vec19RawVec$LT$T$C$A$GT$16reserve_for_push17he68328e17bf7773bE
02003030 l     O .text	00000000 .hidden anon.e6f9b7edf4a74adf74c0f4d9f616b85b.0.llvm.702291895030451100
020030fc l     O .text	00000008 .hidden anon.e6f9b7edf4a74adf74c0f4d9f616b85b.6.llvm.702291895030451100
02003104 l     O .text	00000010 .hidden anon.e6f9b7edf4a74adf74c0f4d9f616b85b.7.llvm.702291895030451100
02003030 l     O .text	000000b9 .hidden anon.e6f9b7edf4a74adf74c0f4d9f616b85b.1.llvm.702291895030451100
020030e9 l     O .text	00000011 .hidden anon.e6f9b7edf4a74adf74c0f4d9f616b85b.5.llvm.702291895030451100
00000000 l    df *ABS*	00000000 alloc.4fae4727-cgu.10
02001010 l     F .text	0000000c .hidden __rg_oom
00000000 l    df *ABS*	00000000 alloc.4fae4727-cgu.12
0200101c l     F .text	0000000c .hidden _ZN4core10intrinsics17const_eval_select17hd5fd56d06c3177bfE
02001028 l     F .text	0000000c .hidden _ZN4core3ops8function6FnOnce9call_once17h532d5eb04069e1b8E.llvm.3865452614967009284
00000000 l    df *ABS*	00000000 alloc.4fae4727-cgu.14
02001034 l     F .text	00000004 _ZN4core3ptr37drop_in_place$LT$core..fmt..Error$GT$17hc5e98455538e0491E
02003124 l     O .text	00000033 .Lanon.8f792f70b1c60a6af53f1ad872701d5a.1
02003114 l     O .text	00000010 .Lanon.8f792f70b1c60a6af53f1ad872701d5a.0
0200320c l     O .text	00000010 .Lanon.8f792f70b1c60a6af53f1ad872701d5a.3
02003157 l     O .text	000000b5 .Lanon.8f792f70b1c60a6af53f1ad872701d5a.2
00000000 l    df *ABS*	00000000 alloc.4fae4727-cgu.1
0200321c l     O .text	00000018 .hidden anon.ca9571c3901ab8718e63aaa14e354a67.0.llvm.1327047209503677285
02001194 l     F .text	00000004 .hidden _ZN4core3ptr54drop_in_place$LT$$RF$mut$u20$alloc..string..String$GT$17h31b26b4ea0f94830E.llvm.1327047209503677285
02001198 l     F .text	00000160 .hidden _ZN50_$LT$$RF$mut$u20$W$u20$as$u20$core..fmt..Write$GT$10write_char17hd18610bd59d45389E.llvm.1327047209503677285
020012f8 l     F .text	00000064 .hidden _ZN50_$LT$$RF$mut$u20$W$u20$as$u20$core..fmt..Write$GT$9write_fmt17h53fcc338d744b3e7E.llvm.1327047209503677285
0200135c l     F .text	00000090 .hidden _ZN50_$LT$$RF$mut$u20$W$u20$as$u20$core..fmt..Write$GT$9write_str17hc4e852f22e6973d3E.llvm.1327047209503677285
00000000 l    df *ABS*	00000000 alloc.4fae4727-cgu.15
00000000 l    df *ABS*	00000000 alloc.4fae4727-cgu.3
00000000 l    df *ABS*	00000000 core.7a5c9a4d-cgu.1
020032fe l     O .text	000000c8 .hidden anon.c51e510c33fdcff7e0fba59f411f82da.5.llvm.5083173684601433623
020032ec l     O .text	00000010 .hidden anon.c51e510c33fdcff7e0fba59f411f82da.1.llvm.5083173684601433623
020032fc l     O .text	00000002 .hidden anon.c51e510c33fdcff7e0fba59f411f82da.4.llvm.5083173684601433623
02003234 l     O .text	000000b8 .hidden anon.c51e510c33fdcff7e0fba59f411f82da.0.llvm.5083173684601433623
00000000 l    df *ABS*	00000000 core.7a5c9a4d-cgu.10
02001be0 l     F .text	00000090 _ZN4core3fmt9Formatter12pad_integral12write_prefix17he7a93227e99e5e4bE
020033c6 l     O .text	00000005 .Lanon.22c43593289ff1ba4784f41adbe21c29.18
0200154c l     F .text	00000008 .hidden _ZN4core3ops8function6FnOnce9call_once17hfbc00745ba292032E.llvm.17860744969397078504
0200200c l     F .text	00000010 .hidden _ZN42_$LT$$RF$T$u20$as$u20$core..fmt..Debug$GT$3fmt17h740a6c06e8dbea10E
0200201c l     F .text	0000001c .hidden _ZN44_$LT$$RF$T$u20$as$u20$core..fmt..Display$GT$3fmt17h20540366290e1021E
02002038 l     F .text	0000005c .hidden _ZN44_$LT$$RF$T$u20$as$u20$core..fmt..Display$GT$3fmt17h594cdcb11c2fa970E
02002094 l     F .text	00000018 .hidden _ZN44_$LT$$RF$T$u20$as$u20$core..fmt..Display$GT$3fmt17h9df06bddb984bfbbE
00000000 l    df *ABS*	00000000 core.7a5c9a4d-cgu.12
020033cb l     O .text	00000000 .Lanon.22b908e0efc481e29f43de9869fcdc20.0
020020ac l     F .text	000001c0 .hidden _ZN4core3fmt3num3imp7fmt_u3217h3ff0d148bc61abadE.llvm.14863313909448028709
00000000 l    df *ABS*	00000000 core.7a5c9a4d-cgu.13
020022cc l     F .text	00000014 _ZN36_$LT$T$u20$as$u20$core..any..Any$GT$7type_id17hdffa28c1790079a0E
020033dc l     O .text	0000000c .Lanon.2203139f4e9627d5c180bbdcdb8a88f3.14
020033ec l     O .text	00000010 .Lanon.2203139f4e9627d5c180bbdcdb8a88f3.17
020033cc l     O .text	00000000 .Lanon.2203139f4e9627d5c180bbdcdb8a88f3.12
02003430 l     O .text	00000010 .Lanon.2203139f4e9627d5c180bbdcdb8a88f3.21
020033cc l     O .text	00000010 .Lanon.2203139f4e9627d5c180bbdcdb8a88f3.13
02003447 l     O .text	00000002 .Lanon.2203139f4e9627d5c180bbdcdb8a88f3.31
02003449 l     O .text	00000002 .Lanon.2203139f4e9627d5c180bbdcdb8a88f3.32
020034ac l     O .text	00000020 .Lanon.2203139f4e9627d5c180bbdcdb8a88f3.39
02003440 l     O .text	00000007 .Lanon.2203139f4e9627d5c180bbdcdb8a88f3.30
02003488 l     O .text	00000020 .Lanon.2203139f4e9627d5c180bbdcdb8a88f3.37
020033e8 l     O .text	00000001 .Lanon.2203139f4e9627d5c180bbdcdb8a88f3.15
020033e9 l     O .text	00000003 .Lanon.2203139f4e9627d5c180bbdcdb8a88f3.16
0200341c l     O .text	00000012 .Lanon.2203139f4e9627d5c180bbdcdb8a88f3.20
0200344b l     O .text	00000019 .Lanon.2203139f4e9627d5c180bbdcdb8a88f3.33
02003464 l     O .text	00000012 .Lanon.2203139f4e9627d5c180bbdcdb8a88f3.34
02003476 l     O .text	0000000c .Lanon.2203139f4e9627d5c180bbdcdb8a88f3.35
02003482 l     O .text	00000003 .Lanon.2203139f4e9627d5c180bbdcdb8a88f3.36
020034a8 l     O .text	00000001 .Lanon.2203139f4e9627d5c180bbdcdb8a88f3.38
02002280 l     F .text	0000000c .hidden _ZN4core3ops8function6FnOnce9call_once17h1242987bdd5e98beE.llvm.15918792878434100127
0200228c l     F .text	0000000c .hidden _ZN4core3ops8function6FnOnce9call_once17h13b1214d52fbdb63E.llvm.15918792878434100127
02002298 l     F .text	0000000c .hidden _ZN4core3ops8function6FnOnce9call_once17h862aaa592cc56391E.llvm.15918792878434100127
020022a4 l     F .text	00000004 .hidden _ZN4core3ptr28drop_in_place$LT$$RF$u64$GT$17he2235075dfe11d40E.llvm.15918792878434100127
020022a8 l     F .text	0000000c .hidden _ZN4core10intrinsics17const_eval_select17h67686a7108bd15e2E
020022b4 l     F .text	0000000c .hidden _ZN4core10intrinsics17const_eval_select17h830a34504e58e206E
020022c0 l     F .text	0000000c .hidden _ZN4core10intrinsics17const_eval_select17hf16e48560096d238E
020022a4 l     F .text	00000004 .hidden _ZN4core3ptr58drop_in_place$LT$$RF$core..option..Option$LT$usize$GT$$GT$17h7056dcb416814fdeE.llvm.15918792878434100127
00000000 l    df *ABS*	00000000 core.7a5c9a4d-cgu.11
020034cc l     O .text	00000000 .hidden anon.2b75a7cf91ec249210fcc70369ead3ee.2.llvm.3288291684404716833
020034d0 l     O .text	00000018 .hidden anon.2b75a7cf91ec249210fcc70369ead3ee.39.llvm.3288291684404716833
020034cc l     O .text	00000001 .hidden anon.2b75a7cf91ec249210fcc70369ead3ee.38.llvm.3288291684404716833
00000000 l    df *ABS*	00000000 core.7a5c9a4d-cgu.14
020034ec l     O .text	00000010 .Lanon.2470e23b193c6d4911122a51e24b5cb9.18
020034e8 l     O .text	00000002 .Lanon.2470e23b193c6d4911122a51e24b5cb9.17
020034e8 l     O .text	00000000 .hidden anon.2470e23b193c6d4911122a51e24b5cb9.13.llvm.7117190312423243000
00000000 l    df *ABS*	00000000 core.7a5c9a4d-cgu.15
02002738 l     F .text	00000020 _ZN4core9panicking9panic_str17ha4a49a8dfb0969faE
02002758 l     F .text	00000048 _ZN4core9panicking13panic_display17h3654cd1c24712b71E
020034fc l     O .text	00000008 .Lanon.7a23e82b71577a7bc0915bb07fa28840.7
020034fc l     O .text	00000000 .Lanon.7a23e82b71577a7bc0915bb07fa28840.6
00000000 l    df *ABS*	00000000 core.7a5c9a4d-cgu.2
00000000 l    df *ABS*	00000000 core.7a5c9a4d-cgu.4
00000000 l    df *ABS*	00000000 core.7a5c9a4d-cgu.5
00000000 l    df *ABS*	00000000 core.7a5c9a4d-cgu.6
02003538 l     O .text	00000010 .hidden anon.21be27dcbcfea609e6fb5c090ac782fb.16.llvm.13982520288002575779
02003604 l     O .text	00000010 .hidden anon.21be27dcbcfea609e6fb5c090ac782fb.18.llvm.13982520288002575779
02003614 l     O .text	00000010 .hidden anon.21be27dcbcfea609e6fb5c090ac782fb.23.llvm.13982520288002575779
02003624 l     O .text	00000010 .hidden anon.21be27dcbcfea609e6fb5c090ac782fb.24.llvm.13982520288002575779
02003658 l     O .text	00000010 .hidden anon.21be27dcbcfea609e6fb5c090ac782fb.30.llvm.13982520288002575779
02003668 l     O .text	00000010 .hidden anon.21be27dcbcfea609e6fb5c090ac782fb.31.llvm.13982520288002575779
02003504 l     O .text	00000012 .hidden anon.21be27dcbcfea609e6fb5c090ac782fb.14.llvm.13982520288002575779
02003516 l     O .text	00000022 .hidden anon.21be27dcbcfea609e6fb5c090ac782fb.15.llvm.13982520288002575779
02003548 l     O .text	000000bc .hidden anon.21be27dcbcfea609e6fb5c090ac782fb.17.llvm.13982520288002575779
02002d74 l     O .text	00000010 .hidden anon.21be27dcbcfea609e6fb5c090ac782fb.22.llvm.13982520288002575779
02003634 l     O .text	00000016 .hidden anon.21be27dcbcfea609e6fb5c090ac782fb.28.llvm.13982520288002575779
0200364a l     O .text	0000000d .hidden anon.21be27dcbcfea609e6fb5c090ac782fb.29.llvm.13982520288002575779
00000000 l    df *ABS*	00000000 core.7a5c9a4d-cgu.7
00000000 l    df *ABS*	00000000 core.7a5c9a4d-cgu.3
00000000 l    df *ABS*	00000000 core.7a5c9a4d-cgu.8
00000000 l    df *ABS*	00000000 core.7a5c9a4d-cgu.9
00000000 l    df *ABS*	00000000 compiler_builtins.592aab21-cgu.12
02002b18 l     F .text	00000008 .hidden memset
02002b10 l     F .text	00000008 .hidden memcpy
00000000 l    df *ABS*	00000000 compiler_builtins.592aab21-cgu.14
00000000 l    df *ABS*	00000000 compiler_builtins.592aab21-cgu.1
00000000 l    df *ABS*	00000000 compiler_builtins.592aab21-cgu.15
00000000 l    df *ABS*	00000000 compiler_builtins.592aab21-cgu.2
00000000 l    df *ABS*	00000000 compiler_builtins.592aab21-cgu.3
00000000 l    df *ABS*	00000000 compiler_builtins.592aab21-cgu.4
00000000 l    df *ABS*	00000000 compiler_builtins.592aab21-cgu.5
00000000 l    df *ABS*	00000000 compiler_builtins.592aab21-cgu.7
02002b20 l     F .text	000000e4 .hidden _ZN17compiler_builtins3mem6memcpy17hc2d646a38e2eb0edE
02002c04 l     F .text	0000007c .hidden _ZN17compiler_builtins3mem6memset17h62ee0c1160afff4dE
02000050 g     F .text	000000bc __start
02000224 g     F .text	0000019c __main
00900008 g     O .bss	00000028 _ZN16risc0_zkvm_guest3env3ENV17h1007d75372db3e76E
020005fc g     F .text	00000090 _ZN16risc0_zkvm_guest3env3Env13initial_input17ha6080fad28469a2cE
02000c80 g     F .text	00000048 _ZN16risc0_zkvm_serde12deserializer12Deserializer14try_take_dword17h7ee961cb62f386fbE
020026b8 g     F .text	00000074 _ZN4core6result13unwrap_failed17h9f2f5272bd1199e5E
02000cc8 g     F .text	00000034 _ZN98_$LT$risc0_zkvm_serde..serializer..Slice$u20$as$u20$risc0_zkvm_serde..serializer..StreamWriter$GT$13try_push_word17h18cabe6c51b6f2e5E
02000cfc g     F .text	00000058 _ZN98_$LT$risc0_zkvm_serde..serializer..Slice$u20$as$u20$risc0_zkvm_serde..serializer..StreamWriter$GT$7release17ha6c89193f9f5627eE
02000594 g     F .text	00000068 _ZN16risc0_zkvm_guest3env3Env9send_recv17hd6df1e7e95d40ceaE
02000bd0 g     F .text	000000ac _ZN65_$LT$risc0_zkvm_serde..err..Error$u20$as$u20$core..fmt..Debug$GT$3fmt17h92247519242debd9E
02002508 g     F .text	0000003c _ZN4core9panicking9panic_fmt17h2f79f0b41003eeb7E
0200272c g     F .text	0000000c _ZN4core6option13expect_failed17hb975e4d0155af363E
020003c0 g     F .text	00000008 __rust_alloc
020003c8 g     F .text	00000008 __rust_realloc
020003d0 g     F .text	00000008 __rust_alloc_error_handler
0200068c g     F .text	000001b0 _ZN16risc0_zkvm_guest3sha11add_trailer17h7cac573bec9ad2fdE
02000d54 g     F .text	00000010 _ZN16risc0_zkvm_serde10serializer5Slice3new17h45d75a5678d9e327E
02002a28 g     F .text	0000000c _ZN4core5slice5index24slice_end_index_len_fail17h48ec9d596c6021f4E
02000c7c g     F .text	00000004 _ZN16risc0_zkvm_serde12deserializer12Deserializer3new17h784b5d95b7ed458dE
02000ff8 g     F .text	0000000c _ZN5alloc5alloc18handle_alloc_error17h4be0c033a83846a6E
020024a4 g     F .text	00000064 _ZN4core9panicking18panic_bounds_check17h49746aec5244fac9E
02002a9c g     F .text	0000000c _ZN4core5slice5index22slice_index_order_fail17h42d4f5304e09dd2bE
02000fb4 g     F .text	00000044 _ZN5alloc7raw_vec17capacity_overflow17hef6c4291d27c2277E
020029b4 g     F .text	0000000c _ZN4core5slice5index26slice_start_index_len_fail17h788b329c729665e0E
02002544 g     F .text	00000174 _ZN4core9panicking19assert_failed_inner17h423894f4fbad8f91E
020008a4 g     F .text	0000000c rust_oom
02002460 g     F .text	00000044 _ZN4core9panicking5panic17hf6ba736fe98a128dE
0200004c g       .text	00000000 _fault
02000000 g       .text	00000000 _start
00900800 g       .data	00000000 __global_pointer$
008ffffc g       *ABS*	00000000 __stack_init$
00900030 g       .bss	00000000 __result
02001038 g     F .text	0000015c _ZN5alloc3fmt6format12format_inner17h3939dcfa53d8d639E
02000ab8 g     F .text	00000070 rust_begin_unwind
00000050 g       *ABS*	00000000 __bss_size
00900004 g       .bss	00000000 __bss_begin
020022e0 g     F .text	00000180 _ZN73_$LT$core..panic..panic_info..PanicInfo$u20$as$u20$core..fmt..Display$GT$3fmt17hee40d5be6fda54ceE
02001fd0 g     F .text	00000010 _ZN4core3fmt9Formatter15debug_lower_hex17h85ae48093de78bd8E
020013ec g     F .text	000000b0 _ZN4core3fmt3num55_$LT$impl$u20$core..fmt..LowerHex$u20$for$u20$usize$GT$3fmt17h6b44ba7e20f602a8E
02001fe0 g     F .text	00000010 _ZN4core3fmt9Formatter15debug_upper_hex17h4857b6d886493d64E
0200149c g     F .text	000000b0 _ZN4core3fmt3num55_$LT$impl$u20$core..fmt..UpperHex$u20$for$u20$usize$GT$3fmt17h4fc467e15c9cada0E
0200226c g     F .text	00000014 _ZN4core3fmt3num3imp54_$LT$impl$u20$core..fmt..Display$u20$for$u20$usize$GT$3fmt17hb8ff6846b2d48272E
02001fc0 g     F .text	00000010 _ZN4core3fmt9Formatter9write_str17h3c60346ca7581e32E
020013ec g     F .text	000000b0 _ZN4core3fmt3num53_$LT$impl$u20$core..fmt..LowerHex$u20$for$u20$u32$GT$3fmt17hc798347aca79c55eE
0200149c g     F .text	000000b0 _ZN4core3fmt3num53_$LT$impl$u20$core..fmt..UpperHex$u20$for$u20$u32$GT$3fmt17he240dfab2a1106c9E
0200226c g     F .text	00000014 _ZN4core3fmt3num3imp52_$LT$impl$u20$core..fmt..Display$u20$for$u20$u32$GT$3fmt17h7dc147fbf5c515fcE
020015b0 g     F .text	00000270 _ZN4core3fmt5write17h794c1b4bc7ce1df0E
02001fc0 g     F .text	00000010 _ZN57_$LT$core..fmt..Formatter$u20$as$u20$core..fmt..Write$GT$9write_str17h56c76a2dcf42ec20E
02001004 g     F .text	0000000c _ZN5alloc5alloc18handle_alloc_error8rt_error17hadb69d417f246958E
02001c70 g     F .text	00000350 _ZN4core3fmt9Formatter3pad17h494dc77c5027088dE
02001ff0 g     F .text	0000001c _ZN53_$LT$core..fmt..Error$u20$as$u20$core..fmt..Debug$GT$3fmt17h20e328e27b64bb3fE
020013ec g     F .text	000000b0 _ZN4core3fmt3num53_$LT$impl$u20$core..fmt..LowerHex$u20$for$u20$i32$GT$3fmt17hc7cb3265f3c72f9dE
0200149c g     F .text	000000b0 _ZN4core3fmt3num53_$LT$impl$u20$core..fmt..UpperHex$u20$for$u20$i32$GT$3fmt17h7add5f86a613e1f9E
02001820 g     F .text	000003c0 _ZN4core3fmt9Formatter12pad_integral17h49daac362a1afbe9E
020013ec g     F .text	000000b0 _ZN4core3fmt3num55_$LT$impl$u20$core..fmt..LowerHex$u20$for$u20$isize$GT$3fmt17h0c7bc3468f9481b8E
0200149c g     F .text	000000b0 _ZN4core3fmt3num55_$LT$impl$u20$core..fmt..UpperHex$u20$for$u20$isize$GT$3fmt17h6993b796c88ce839E
02001554 g     F .text	0000005c _ZN59_$LT$core..fmt..Arguments$u20$as$u20$core..fmt..Display$GT$3fmt17h5bbcc4a8f74ef85bE
020027a0 g     F .text	00000214 _ZN4core3str5count14do_count_chars17h8194609739272a4dE
02002a34 g     F .text	00000068 _ZN4core5slice5index27slice_end_index_len_fail_rt17hb41445c4e583962fE
020029c0 g     F .text	00000068 _ZN4core5slice5index29slice_start_index_len_fail_rt17h13f31fd0de6a3710E
02002aa8 g     F .text	00000068 _ZN4core5slice5index25slice_index_order_fail_rt17hc72d1d9b94b09053E
00900054 g       .bss	00000000 __bss_end
00a00000 g       *ABS*	00000000 __heap_start
01e00000 g       *ABS*	00000000 __heap_end
01400000 g       *ABS*	00000000 __heap_size


